2024-05-08 15:03:27.613 [WRN] LTND: open C:\Users\Hp\AppData\Local\Lnd\lnd.conf: Le fichier spécifié est introuvable.
2024-05-08 15:03:27.626 [WRN] LTND: Config 'bitcoin.active' is deprecated, please remove it
2024-05-08 15:03:27.626 [INF] LTND: Version: 0.17.99-beta commit=tlv/v1.2.4-124-g7af195768, build=production, logging=default, debuglevel=info
2024-05-08 15:03:27.626 [INF] LTND: Active chain: Bitcoin (network=simnet)
2024-05-08 15:03:27.627 [INF] RPCS: RPC server listening on 127.0.0.1:10003
2024-05-08 15:03:27.630 [INF] RPCS: gRPC proxy started at 127.0.0.1:8003
2024-05-08 15:03:27.630 [INF] LTND: Opening the main database, this might take a few minutes...
2024-05-08 15:03:27.630 [INF] LTND: Opening bbolt database, sync_freelist=false, auto_compact=false
2024-05-08 15:03:27.637 [INF] LTND: Creating local graph and channel state DB instances
2024-05-08 15:03:27.645 [INF] CHDB: Checking for schema update: latest_version=31, db_version=31
2024-05-08 15:03:27.645 [INF] CHDB: Checking for optional update: prune_revocation_log=false, db_version=empty
2024-05-08 15:03:27.645 [INF] LTND: Database(s) now open (time_to_open=15.195ms)!
2024-05-08 15:03:27.645 [INF] LTND: We're not running within systemd or the service type is not 'notify'
2024-05-08 15:03:27.645 [INF] LTND: Waiting for wallet encryption password. Use `lncli create` to create a wallet, `lncli unlock` to unlock an existing wallet, or `lncli changepassword` to change the password of an existing wallet and unlock it.
2024-05-08 15:15:03.690 [INF] LNWL: Opened wallet
2024-05-08 15:15:04.392 [INF] LNWL: The wallet has been unlocked without a time limit
2024-05-08 15:15:04.426 [INF] CHRE: LightningWallet opened
2024-05-08 15:15:04.441 [INF] HSWC: Cleaning circuits from disk for closed channels
2024-05-08 15:15:04.441 [INF] HSWC: Finished cleaning: no closed channels found, no actions taken.
2024-05-08 15:15:04.441 [INF] HSWC: Restoring in-memory circuit state from disk
2024-05-08 15:15:04.444 [INF] LNWL: Started rescan from block 683e86bd5c6d110d91b94b97137ba6bfe02dbbdb8e3dff722a669b5d69d77af6 (height 0) for 0 addresses
2024-05-08 15:15:04.444 [INF] HSWC: Payment circuits loaded: num_pending=0, num_open=0
2024-05-08 15:15:04.444 [INF] LNWL: Catching up block hashes to height 0, this might take a while
2024-05-08 15:15:04.449 [INF] LNWL: Done catching up block hashes
2024-05-08 15:15:04.449 [INF] LNWL: Finished rescan for 0 addresses (synced to block 683e86bd5c6d110d91b94b97137ba6bfe02dbbdb8e3dff722a669b5d69d77af6, height 0)
2024-05-08 15:15:04.457 [INF] SWPR: Migrating UTXO nursery finalized TXIDs
2024-05-08 15:15:04.461 [INF] LTND: Channel backup proxy channel notifier starting
2024-05-08 15:15:04.461 [INF] ATPL: Instantiating autopilot with active=false, max_channels=5, allocation=0.600000, min_chan_size=20000, max_chan_size=16777215, private=false, min_confs=1, conf_target=3
2024-05-08 15:15:04.461 [INF] RRPC: Making macaroons for Router RPC Server at: data\chain\bitcoin\simnet\router.macaroon
2024-05-08 15:15:04.461 [INF] LTND: We're not running within systemd or the service type is not 'notify'
2024-05-08 15:15:04.461 [INF] LTND: Waiting for chain backend to finish sync, start_height=0
2024-05-08 16:51:33.321 [INF] LTND: Received interrupt
2024-05-08 16:51:33.321 [INF] LTND: Shutting down...
2024-05-08 16:51:33.322 [INF] LTND: Gracefully shutting down.
